<?xml version="1.0" encoding="UTF-8"?>
<!-- Generated by org.testng.reporters.JUnitXMLReporter -->
<testsuite ignored="0" hostname="DESKTOP-6F1I9VR" failures="2" tests="5" name="Test" time="39.772" errors="0" timestamp="2023-07-04T11:34:50 IST">
  <testcase classname="Test_Cases.Tc_005_login_datadriven" name="test_logindatadriven" time="11.654"/>
  <testcase classname="Test_Cases.Tc_005_login_datadriven" name="test_logindatadriven" time="10.349"/>
  <testcase classname="Test_Cases.Tc_005_login_datadriven" name="test_logindatadriven" time="5.847"/>
  <testcase classname="Test_Cases.Tc_005_login_datadriven" name="test_logindatadriven" time="0.029">
    <failure type="java.lang.AssertionError" message="null">
      <![CDATA[java.lang.AssertionError: null
at Test_Cases.Tc_005_login_datadriven.test_logindatadriven(Tc_005_login_datadriven.java:52)
at java.base/java.util.ArrayList.forEach(ArrayList.java:1511)
... Removed 27 stack frames]]>
    </failure>
  </testcase> <!-- test_logindatadriven -->
  <testcase classname="Test_Cases.Tc_005_login_datadriven" name="test_logindatadriven" time="0.02">
    <failure type="java.lang.AssertionError" message="null">
      <![CDATA[java.lang.AssertionError: null
at Test_Cases.Tc_005_login_datadriven.test_logindatadriven(Tc_005_login_datadriven.java:52)
at java.base/java.util.ArrayList.forEach(ArrayList.java:1511)
... Removed 27 stack frames]]>
    </failure>
  </testcase> <!-- test_logindatadriven -->
</testsuite> <!-- Test -->
