<?xml version="1.0" encoding="UTF-8"?>
<testng-results ignored="0" total="2" passed="2" failed="0" skipped="0">
  <reporter-output>
  </reporter-output>
  <suite started-at="2023-06-24T15:47:45 IST" name="Suite" finished-at="2023-06-24T15:48:33 IST" duration-ms="47921">
    <groups>
    </groups>
    <test started-at="2023-06-24T15:47:45 IST" name="Chrome-Test" finished-at="2023-06-24T15:48:18 IST" duration-ms="33782">
      <class name="Test_Cases.Test_Case001">
        <test-method is-config="true" signature="setup(java.lang.String)[pri:0, instance:Test_Cases.Test_Case001@128d2484]" started-at="2023-06-24T15:47:45 IST" name="setup" finished-at="2023-06-24T15:48:00 IST" duration-ms="15170" status="PASS">
          <params>
            <param index="0">
              <value>
                <![CDATA[Chrome]]>
              </value>
            </param>
          </params>
          <reporter-output>
          </reporter-output>
        </test-method> <!-- setup -->
        <test-method signature="testaccount()[pri:0, instance:Test_Cases.Test_Case001@128d2484]" started-at="2023-06-24T15:48:00 IST" name="testaccount" finished-at="2023-06-24T15:48:18 IST" duration-ms="18006" status="PASS">
          <reporter-output>
          </reporter-output>
        </test-method> <!-- testaccount -->
        <test-method is-config="true" signature="teardown()[pri:0, instance:Test_Cases.Test_Case001@128d2484]" started-at="2023-06-24T15:48:18 IST" name="teardown" finished-at="2023-06-24T15:48:18 IST" duration-ms="1" status="PASS">
          <reporter-output>
          </reporter-output>
        </test-method> <!-- teardown -->
      </class> <!-- Test_Cases.Test_Case001 -->
    </test> <!-- Chrome-Test -->
    <test started-at="2023-06-24T15:47:45 IST" name="Edge-Test" finished-at="2023-06-24T15:48:33 IST" duration-ms="47921">
      <class name="Test_Cases.Test_Case001">
        <test-method is-config="true" signature="setup(java.lang.String)[pri:0, instance:Test_Cases.Test_Case001@2b662a77]" started-at="2023-06-24T15:47:45 IST" name="setup" finished-at="2023-06-24T15:48:01 IST" duration-ms="16099" status="PASS">
          <params>
            <param index="0">
              <value>
                <![CDATA[Edge]]>
              </value>
            </param>
          </params>
          <reporter-output>
          </reporter-output>
        </test-method> <!-- setup -->
        <test-method signature="testaccount()[pri:0, instance:Test_Cases.Test_Case001@2b662a77]" started-at="2023-06-24T15:48:01 IST" name="testaccount" finished-at="2023-06-24T15:48:33 IST" duration-ms="31691" status="PASS">
          <reporter-output>
          </reporter-output>
        </test-method> <!-- testaccount -->
        <test-method is-config="true" signature="teardown()[pri:0, instance:Test_Cases.Test_Case001@2b662a77]" started-at="2023-06-24T15:48:33 IST" name="teardown" finished-at="2023-06-24T15:48:33 IST" duration-ms="1" status="PASS">
          <reporter-output>
          </reporter-output>
        </test-method> <!-- teardown -->
      </class> <!-- Test_Cases.Test_Case001 -->
    </test> <!-- Edge-Test -->
  </suite> <!-- Suite -->
</testng-results>
