<?xml version="1.0" encoding="UTF-8"?>
<testng-results ignored="0" total="2" passed="2" failed="0" skipped="0">
  <reporter-output>
  </reporter-output>
  <suite started-at="2023-06-24T13:35:46 IST" name="Suite" finished-at="2023-06-24T13:36:05 IST" duration-ms="18987">
    <groups>
    </groups>
    <test started-at="2023-06-24T13:35:46 IST" name="Chrome-Test" finished-at="2023-06-24T13:36:05 IST" duration-ms="18925">
      <class name="Test_Cases.Test_Case001">
        <test-method is-config="true" signature="setup(java.lang.String)[pri:0, instance:Test_Cases.Test_Case001@128d2484]" started-at="2023-06-24T13:35:47 IST" name="setup" finished-at="2023-06-24T13:35:55 IST" duration-ms="7947" status="PASS">
          <params>
            <param index="0">
              <value>
                <![CDATA[Chrome]]>
              </value>
            </param>
          </params>
          <reporter-output>
          </reporter-output>
        </test-method> <!-- setup -->
        <test-method signature="testaccount()[pri:0, instance:Test_Cases.Test_Case001@128d2484]" started-at="2023-06-24T13:35:55 IST" name="testaccount" finished-at="2023-06-24T13:36:05 IST" duration-ms="10489" status="PASS">
          <reporter-output>
          </reporter-output>
        </test-method> <!-- testaccount -->
        <test-method is-config="true" signature="teardown()[pri:0, instance:Test_Cases.Test_Case001@128d2484]" started-at="2023-06-24T13:36:05 IST" name="teardown" finished-at="2023-06-24T13:36:05 IST" duration-ms="3" status="PASS">
          <reporter-output>
          </reporter-output>
        </test-method> <!-- teardown -->
      </class> <!-- Test_Cases.Test_Case001 -->
    </test> <!-- Chrome-Test -->
    <test started-at="2023-06-24T13:35:46 IST" name="Edge-Test" finished-at="2023-06-24T13:36:05 IST" duration-ms="18987">
      <class name="Test_Cases.Test_Case001">
        <test-method is-config="true" signature="setup(java.lang.String)[pri:0, instance:Test_Cases.Test_Case001@2b662a77]" started-at="2023-06-24T13:35:47 IST" name="setup" finished-at="2023-06-24T13:35:56 IST" duration-ms="9060" status="PASS">
          <params>
            <param index="0">
              <value>
                <![CDATA[Edge]]>
              </value>
            </param>
          </params>
          <reporter-output>
          </reporter-output>
        </test-method> <!-- setup -->
        <test-method signature="testaccount()[pri:0, instance:Test_Cases.Test_Case001@2b662a77]" started-at="2023-06-24T13:35:56 IST" name="testaccount" finished-at="2023-06-24T13:36:05 IST" duration-ms="9787" status="PASS">
          <reporter-output>
          </reporter-output>
        </test-method> <!-- testaccount -->
        <test-method is-config="true" signature="teardown()[pri:0, instance:Test_Cases.Test_Case001@2b662a77]" started-at="2023-06-24T13:36:05 IST" name="teardown" finished-at="2023-06-24T13:36:05 IST" duration-ms="1" status="PASS">
          <reporter-output>
          </reporter-output>
        </test-method> <!-- teardown -->
      </class> <!-- Test_Cases.Test_Case001 -->
    </test> <!-- Edge-Test -->
  </suite> <!-- Suite -->
</testng-results>
